2020-01-02 15:06:11.647  4244 --- [restartedMain] com.edjblog.BlogApplication              : Starting BlogApplication on CY-20180316QHMS with PID 4244 (started by Administrator in D:\IntelliJ IDEA\workSpace_idea\blog)
2020-01-02 15:06:11.655  4244 --- [restartedMain] com.edjblog.BlogApplication              : Running with Spring Boot v2.2.2.RELEASE, Spring v5.2.2.RELEASE
2020-01-02 15:06:11.656  4244 --- [restartedMain] com.edjblog.BlogApplication              : No active profile set, falling back to default profiles: default
2020-01-02 15:06:11.765  4244 --- [restartedMain] .e.DevToolsPropertyDefaultsPostProcessor : Devtools property defaults active! Set 'spring.devtools.add-properties' to 'false' to disable
2020-01-02 15:06:11.766  4244 --- [restartedMain] .e.DevToolsPropertyDefaultsPostProcessor : For additional web related logging consider setting the 'logging.level.web' property to 'DEBUG'
2020-01-02 15:06:13.095  4244 --- [restartedMain] o.m.s.mapper.ClassPathMapperScanner      : No MyBatis mapper was found in '[com.edjblog]' package. Please check your configuration.
2020-01-02 15:06:13.351  4244 --- [restartedMain] trationDelegate$BeanPostProcessorChecker : Bean 'org.springframework.transaction.annotation.ProxyTransactionManagementConfiguration' of type [org.springframework.transaction.annotation.ProxyTransactionManagementConfiguration] is not eligible for getting processed by all BeanPostProcessors (for example: not eligible for auto-proxying)
2020-01-02 15:06:13.997  4244 --- [restartedMain] o.s.b.w.embedded.tomcat.TomcatWebServer  : Tomcat initialized with port(s): 8080 (http)
2020-01-02 15:06:14.012  4244 --- [restartedMain] o.apache.catalina.core.StandardService   : Starting service [Tomcat]
2020-01-02 15:06:14.012  4244 --- [restartedMain] org.apache.catalina.core.StandardEngine  : Starting Servlet engine: [Apache Tomcat/9.0.29]
2020-01-02 15:06:14.136  4244 --- [restartedMain] o.a.c.c.C.[Tomcat].[localhost].[/]       : Initializing Spring embedded WebApplicationContext
2020-01-02 15:06:14.137  4244 --- [restartedMain] o.s.web.context.ContextLoader            : Root WebApplicationContext: initialization completed in 2369 ms
2020-01-02 15:06:14.887  4244 --- [restartedMain] pertySourcedRequestMappingHandlerMapping : Mapped URL path [/v2/api-docs] onto method [springfox.documentation.swagger2.web.Swagger2Controller#getDocumentation(String, HttpServletRequest)]
2020-01-02 15:06:15.098  4244 --- [restartedMain] o.s.s.concurrent.ThreadPoolTaskExecutor  : Initializing ExecutorService 'applicationTaskExecutor'
2020-01-02 15:06:15.195  4244 --- [restartedMain] o.s.b.d.a.OptionalLiveReloadServer       : LiveReload server is running on port 35729
2020-01-02 15:06:15.251  4244 --- [restartedMain] o.s.b.a.w.s.WelcomePageHandlerMapping    : Adding welcome page template: index
2020-01-02 15:06:15.876  4244 --- [restartedMain] d.s.w.p.DocumentationPluginsBootstrapper : Context refreshed
2020-01-02 15:06:15.905  4244 --- [restartedMain] d.s.w.p.DocumentationPluginsBootstrapper : Found 1 custom documentation plugin(s)
2020-01-02 15:06:15.947  4244 --- [restartedMain] s.d.s.w.s.ApiListingReferenceScanner     : Scanning for api listing references
2020-01-02 15:06:16.256  4244 --- [restartedMain] o.s.b.w.embedded.tomcat.TomcatWebServer  : Tomcat started on port(s): 8080 (http) with context path ''
2020-01-02 15:06:16.260  4244 --- [restartedMain] com.edjblog.BlogApplication              : Started BlogApplication in 5.419 seconds (JVM running for 7.715)
2020-01-02 15:06:28.072  4244 --- [http-nio-8080-exec-1] o.a.c.c.C.[Tomcat].[localhost].[/]       : Initializing Spring DispatcherServlet 'dispatcherServlet'
2020-01-02 15:06:28.073  4244 --- [http-nio-8080-exec-1] o.s.web.servlet.DispatcherServlet        : Initializing Servlet 'dispatcherServlet'
2020-01-02 15:06:28.098  4244 --- [http-nio-8080-exec-1] o.s.web.servlet.DispatcherServlet        : Completed initialization in 25 ms
2020-01-02 15:10:03.735  4244 --- [SpringContextShutdownHook] o.s.s.concurrent.ThreadPoolTaskExecutor  : Shutting down ExecutorService 'applicationTaskExecutor'
2020-01-02 15:34:27.277  1500 --- [restartedMain] com.edjblog.BlogApplication              : Starting BlogApplication on CY-20180316QHMS with PID 1500 (started by Administrator in D:\IntelliJ IDEA\workSpace_idea\blog)
2020-01-02 15:34:27.281  1500 --- [restartedMain] com.edjblog.BlogApplication              : Running with Spring Boot v2.2.2.RELEASE, Spring v5.2.2.RELEASE
2020-01-02 15:34:27.282  1500 --- [restartedMain] com.edjblog.BlogApplication              : No active profile set, falling back to default profiles: default
2020-01-02 15:34:27.380  1500 --- [restartedMain] .e.DevToolsPropertyDefaultsPostProcessor : Devtools property defaults active! Set 'spring.devtools.add-properties' to 'false' to disable
2020-01-02 15:34:27.381  1500 --- [restartedMain] .e.DevToolsPropertyDefaultsPostProcessor : For additional web related logging consider setting the 'logging.level.web' property to 'DEBUG'
2020-01-02 15:34:28.871  1500 --- [restartedMain] o.m.s.mapper.ClassPathMapperScanner      : No MyBatis mapper was found in '[com.edjblog]' package. Please check your configuration.
2020-01-02 15:34:29.080  1500 --- [restartedMain] trationDelegate$BeanPostProcessorChecker : Bean 'org.springframework.transaction.annotation.ProxyTransactionManagementConfiguration' of type [org.springframework.transaction.annotation.ProxyTransactionManagementConfiguration] is not eligible for getting processed by all BeanPostProcessors (for example: not eligible for auto-proxying)
2020-01-02 15:34:29.575  1500 --- [restartedMain] o.s.b.w.embedded.tomcat.TomcatWebServer  : Tomcat initialized with port(s): 8080 (http)
2020-01-02 15:34:29.585  1500 --- [restartedMain] o.apache.catalina.core.StandardService   : Starting service [Tomcat]
2020-01-02 15:34:29.585  1500 --- [restartedMain] org.apache.catalina.core.StandardEngine  : Starting Servlet engine: [Apache Tomcat/9.0.29]
2020-01-02 15:34:29.681  1500 --- [restartedMain] o.a.c.c.C.[Tomcat].[localhost].[/]       : Initializing Spring embedded WebApplicationContext
2020-01-02 15:34:29.681  1500 --- [restartedMain] o.s.web.context.ContextLoader            : Root WebApplicationContext: initialization completed in 2300 ms
2020-01-02 15:34:30.391  1500 --- [restartedMain] pertySourcedRequestMappingHandlerMapping : Mapped URL path [/v2/api-docs] onto method [springfox.documentation.swagger2.web.Swagger2Controller#getDocumentation(String, HttpServletRequest)]
2020-01-02 15:34:30.589  1500 --- [restartedMain] o.s.s.concurrent.ThreadPoolTaskExecutor  : Initializing ExecutorService 'applicationTaskExecutor'
2020-01-02 15:34:30.667  1500 --- [restartedMain] o.s.b.d.a.OptionalLiveReloadServer       : LiveReload server is running on port 35729
2020-01-02 15:34:30.708  1500 --- [restartedMain] o.s.b.a.w.s.WelcomePageHandlerMapping    : Adding welcome page template: index
2020-01-02 15:34:31.201  1500 --- [restartedMain] d.s.w.p.DocumentationPluginsBootstrapper : Context refreshed
2020-01-02 15:34:31.219  1500 --- [restartedMain] d.s.w.p.DocumentationPluginsBootstrapper : Found 1 custom documentation plugin(s)
2020-01-02 15:34:31.252  1500 --- [restartedMain] s.d.s.w.s.ApiListingReferenceScanner     : Scanning for api listing references
2020-01-02 15:34:31.492  1500 --- [restartedMain] o.s.b.w.embedded.tomcat.TomcatWebServer  : Tomcat started on port(s): 8080 (http) with context path ''
2020-01-02 15:34:31.496  1500 --- [restartedMain] com.edjblog.BlogApplication              : Started BlogApplication in 4.861 seconds (JVM running for 6.272)
2020-01-02 15:34:57.019  1500 --- [http-nio-8080-exec-1] o.a.c.c.C.[Tomcat].[localhost].[/]       : Initializing Spring DispatcherServlet 'dispatcherServlet'
2020-01-02 15:34:57.019  1500 --- [http-nio-8080-exec-1] o.s.web.servlet.DispatcherServlet        : Initializing Servlet 'dispatcherServlet'
2020-01-02 15:34:57.039  1500 --- [http-nio-8080-exec-1] o.s.web.servlet.DispatcherServlet        : Completed initialization in 20 ms
2020-01-02 15:34:57.068  1500 --- [http-nio-8080-exec-1] com.edjblog.aspect.LogAspect             : Result:RequestLog{url='http://localhost:8080/admin', ip='0:0:0:0:0:0:0:1', classMethod='com.edjblog.controller.LoginController.loginPage', args=[]}
2020-01-02 15:34:57.074  1500 --- [http-nio-8080-exec-1] com.edjblog.aspect.LogAspect             : =========deAfter==========
2020-01-02 15:34:57.075  1500 --- [http-nio-8080-exec-1] com.edjblog.aspect.LogAspect             : Result:admin/login
2020-01-02 15:35:01.726  1500 --- [http-nio-8080-exec-3] com.edjblog.aspect.LogAspect             : Result:RequestLog{url='http://localhost:8080/admin', ip='0:0:0:0:0:0:0:1', classMethod='com.edjblog.controller.LoginController.loginPage', args=[]}
2020-01-02 15:35:01.729  1500 --- [http-nio-8080-exec-3] com.edjblog.aspect.LogAspect             : =========deAfter==========
2020-01-02 15:35:01.729  1500 --- [http-nio-8080-exec-3] com.edjblog.aspect.LogAspect             : Result:admin/login
2020-01-02 15:35:14.634  1500 --- [http-nio-8080-exec-5] com.edjblog.aspect.LogAspect             : Result:RequestLog{url='http://localhost:8080/admin', ip='0:0:0:0:0:0:0:1', classMethod='com.edjblog.controller.LoginController.loginPage', args=[]}
2020-01-02 15:35:14.636  1500 --- [http-nio-8080-exec-5] com.edjblog.aspect.LogAspect             : =========deAfter==========
2020-01-02 15:35:14.640  1500 --- [http-nio-8080-exec-5] com.edjblog.aspect.LogAspect             : Result:admin/login
2020-01-02 15:35:16.329  1500 --- [http-nio-8080-exec-8] com.edjblog.aspect.LogAspect             : Result:RequestLog{url='http://localhost:8080/admin', ip='0:0:0:0:0:0:0:1', classMethod='com.edjblog.controller.LoginController.loginPage', args=[]}
2020-01-02 15:35:16.330  1500 --- [http-nio-8080-exec-8] com.edjblog.aspect.LogAspect             : =========deAfter==========
2020-01-02 15:35:16.332  1500 --- [http-nio-8080-exec-8] com.edjblog.aspect.LogAspect             : Result:admin/login
2020-01-02 15:35:16.512  1500 --- [http-nio-8080-exec-10] com.edjblog.aspect.LogAspect             : Result:RequestLog{url='http://localhost:8080/admin', ip='0:0:0:0:0:0:0:1', classMethod='com.edjblog.controller.LoginController.loginPage', args=[]}
2020-01-02 15:35:16.513  1500 --- [http-nio-8080-exec-10] com.edjblog.aspect.LogAspect             : =========deAfter==========
2020-01-02 15:35:16.513  1500 --- [http-nio-8080-exec-10] com.edjblog.aspect.LogAspect             : Result:admin/login
2020-01-02 15:35:16.664  1500 --- [http-nio-8080-exec-2] com.edjblog.aspect.LogAspect             : Result:RequestLog{url='http://localhost:8080/admin', ip='0:0:0:0:0:0:0:1', classMethod='com.edjblog.controller.LoginController.loginPage', args=[]}
2020-01-02 15:35:16.665  1500 --- [http-nio-8080-exec-2] com.edjblog.aspect.LogAspect             : =========deAfter==========
2020-01-02 15:35:16.665  1500 --- [http-nio-8080-exec-2] com.edjblog.aspect.LogAspect             : Result:admin/login
2020-01-02 15:35:16.858  1500 --- [http-nio-8080-exec-4] com.edjblog.aspect.LogAspect             : Result:RequestLog{url='http://localhost:8080/admin', ip='0:0:0:0:0:0:0:1', classMethod='com.edjblog.controller.LoginController.loginPage', args=[]}
2020-01-02 15:35:16.859  1500 --- [http-nio-8080-exec-4] com.edjblog.aspect.LogAspect             : =========deAfter==========
2020-01-02 15:35:16.859  1500 --- [http-nio-8080-exec-4] com.edjblog.aspect.LogAspect             : Result:admin/login
2020-01-02 15:35:17.037  1500 --- [http-nio-8080-exec-5] com.edjblog.aspect.LogAspect             : Result:RequestLog{url='http://localhost:8080/admin', ip='0:0:0:0:0:0:0:1', classMethod='com.edjblog.controller.LoginController.loginPage', args=[]}
2020-01-02 15:35:17.037  1500 --- [http-nio-8080-exec-5] com.edjblog.aspect.LogAspect             : =========deAfter==========
2020-01-02 15:35:17.037  1500 --- [http-nio-8080-exec-5] com.edjblog.aspect.LogAspect             : Result:admin/login
2020-01-02 15:35:17.227  1500 --- [http-nio-8080-exec-8] com.edjblog.aspect.LogAspect             : Result:RequestLog{url='http://localhost:8080/admin', ip='0:0:0:0:0:0:0:1', classMethod='com.edjblog.controller.LoginController.loginPage', args=[]}
2020-01-02 15:35:17.228  1500 --- [http-nio-8080-exec-8] com.edjblog.aspect.LogAspect             : =========deAfter==========
2020-01-02 15:35:17.228  1500 --- [http-nio-8080-exec-8] com.edjblog.aspect.LogAspect             : Result:admin/login
2020-01-02 15:35:17.399  1500 --- [http-nio-8080-exec-10] com.edjblog.aspect.LogAspect             : Result:RequestLog{url='http://localhost:8080/admin', ip='0:0:0:0:0:0:0:1', classMethod='com.edjblog.controller.LoginController.loginPage', args=[]}
2020-01-02 15:35:17.400  1500 --- [http-nio-8080-exec-10] com.edjblog.aspect.LogAspect             : =========deAfter==========
2020-01-02 15:35:17.401  1500 --- [http-nio-8080-exec-10] com.edjblog.aspect.LogAspect             : Result:admin/login
2020-01-02 15:35:17.593  1500 --- [http-nio-8080-exec-2] com.edjblog.aspect.LogAspect             : Result:RequestLog{url='http://localhost:8080/admin', ip='0:0:0:0:0:0:0:1', classMethod='com.edjblog.controller.LoginController.loginPage', args=[]}
2020-01-02 15:35:17.594  1500 --- [http-nio-8080-exec-2] com.edjblog.aspect.LogAspect             : =========deAfter==========
2020-01-02 15:35:17.595  1500 --- [http-nio-8080-exec-2] com.edjblog.aspect.LogAspect             : Result:admin/login
2020-01-02 15:35:17.778  1500 --- [http-nio-8080-exec-4] com.edjblog.aspect.LogAspect             : Result:RequestLog{url='http://localhost:8080/admin', ip='0:0:0:0:0:0:0:1', classMethod='com.edjblog.controller.LoginController.loginPage', args=[]}
2020-01-02 15:35:17.779  1500 --- [http-nio-8080-exec-4] com.edjblog.aspect.LogAspect             : =========deAfter==========
2020-01-02 15:35:17.779  1500 --- [http-nio-8080-exec-4] com.edjblog.aspect.LogAspect             : Result:admin/login
2020-01-02 15:35:17.976  1500 --- [http-nio-8080-exec-5] com.edjblog.aspect.LogAspect             : Result:RequestLog{url='http://localhost:8080/admin', ip='0:0:0:0:0:0:0:1', classMethod='com.edjblog.controller.LoginController.loginPage', args=[]}
2020-01-02 15:35:17.976  1500 --- [http-nio-8080-exec-5] com.edjblog.aspect.LogAspect             : =========deAfter==========
2020-01-02 15:35:17.976  1500 --- [http-nio-8080-exec-5] com.edjblog.aspect.LogAspect             : Result:admin/login
2020-01-02 15:35:18.128  1500 --- [http-nio-8080-exec-8] com.edjblog.aspect.LogAspect             : Result:RequestLog{url='http://localhost:8080/admin', ip='0:0:0:0:0:0:0:1', classMethod='com.edjblog.controller.LoginController.loginPage', args=[]}
2020-01-02 15:35:18.128  1500 --- [http-nio-8080-exec-8] com.edjblog.aspect.LogAspect             : =========deAfter==========
2020-01-02 15:35:18.129  1500 --- [http-nio-8080-exec-8] com.edjblog.aspect.LogAspect             : Result:admin/login
2020-01-02 15:35:18.300  1500 --- [http-nio-8080-exec-10] com.edjblog.aspect.LogAspect             : Result:RequestLog{url='http://localhost:8080/admin', ip='0:0:0:0:0:0:0:1', classMethod='com.edjblog.controller.LoginController.loginPage', args=[]}
2020-01-02 15:35:18.300  1500 --- [http-nio-8080-exec-10] com.edjblog.aspect.LogAspect             : =========deAfter==========
2020-01-02 15:35:18.300  1500 --- [http-nio-8080-exec-10] com.edjblog.aspect.LogAspect             : Result:admin/login
2020-01-02 15:35:18.472  1500 --- [http-nio-8080-exec-2] com.edjblog.aspect.LogAspect             : Result:RequestLog{url='http://localhost:8080/admin', ip='0:0:0:0:0:0:0:1', classMethod='com.edjblog.controller.LoginController.loginPage', args=[]}
2020-01-02 15:35:18.473  1500 --- [http-nio-8080-exec-2] com.edjblog.aspect.LogAspect             : =========deAfter==========
2020-01-02 15:35:18.474  1500 --- [http-nio-8080-exec-2] com.edjblog.aspect.LogAspect             : Result:admin/login
2020-01-02 15:36:49.995  1500 --- [http-nio-8080-exec-7] com.edjblog.aspect.LogAspect             : Result:RequestLog{url='http://localhost:8080/admin', ip='0:0:0:0:0:0:0:1', classMethod='com.edjblog.controller.LoginController.loginPage', args=[]}
2020-01-02 15:36:49.996  1500 --- [http-nio-8080-exec-7] com.edjblog.aspect.LogAspect             : =========deAfter==========
2020-01-02 15:36:49.996  1500 --- [http-nio-8080-exec-7] com.edjblog.aspect.LogAspect             : Result:admin/login
2020-01-02 16:07:04.424  1500 --- [SpringContextShutdownHook] o.s.s.concurrent.ThreadPoolTaskExecutor  : Shutting down ExecutorService 'applicationTaskExecutor'
